<?xml version="1.0" encoding="UTF-8"?>
<testsuite xmlns:xsi="http://www.w3.org/2001/XMLSchema-instance" xsi:noNamespaceSchemaLocation="https://maven.apache.org/surefire/maven-surefire-plugin/xsd/surefire-test-report-3.0.xsd" version="3.0" name="com.api.test.TestRunner" time="9.759" tests="1" errors="1" skipped="0" failures="0">
  <properties>
[...]
</properties>
  <testcase name="Retrieving the total number of registered users" classname="To view the user details" time="3.781">
    <error message="sun.security.validator.ValidatorException: PKIX path building failed: sun.security.provider.certpath.SunCertPathBuilderException: unable to find valid certification path to requested target" type="javax.net.ssl.SSLHandshakeException">javax.net.ssl.SSLHandshakeException: sun.security.validator.ValidatorException: PKIX path building failed: sun.security.provider.certpath.SunCertPathBuilderException: unable to find valid certification path to requested target
Caused by: sun.security.validator.ValidatorException: PKIX path building failed: sun.security.provider.certpath.SunCertPathBuilderException: unable to find valid certification path to requested target
Caused by: sun.security.provider.certpath.SunCertPathBuilderException: unable to find valid certification path to requested target
</error>
    <system-out><![CDATA[24-09-2023 14:30:40 INFO  Hooks:18 - *****************************************************************************************
24-09-2023 14:30:40 INFO  Hooks:19 - 	Scenario: Retrieving the total number of registered users
24-09-2023 14:30:40 INFO  Hooks:20 - *****************************************************************************************
]]></system-out>
    <system-err><![CDATA[log4j:ERROR Could not find value for key log4j.appender.HTML
log4j:ERROR Could not instantiate appender named "HTML".
SLF4J: Class path contains multiple SLF4J providers.
SLF4J: Found provider [org.slf4j.simple.SimpleServiceProvider@64c2b546]
SLF4J: Found provider [org.slf4j.reload4j.Reload4jServiceProvider@7e094740]
SLF4J: See http://www.slf4j.org/codes.html#multiple_bindings for an explanation.
SLF4J: Actual provider is of type [org.slf4j.simple.SimpleServiceProvider@64c2b546]
]]></system-err>
  </testcase>
</testsuite>